<?xml version="1.0" encoding="UTF-8"?>
<!-- Generated by org.testng.reporters.JUnitReportReporter -->
<testsuite hostname="DESKTOP-FRV6BVL" failures="0" tests="4" name="testDemo.TestNF_Sequence" time="0.008" errors="0" timestamp="2022-09-17T16:06:29 IST" skipped="0">
  <testcase classname="testDemo.TestNF_Sequence" name="Test4" time="0.001"/>
  <system-out/>
  <testcase classname="testDemo.TestNF_Sequence" name="Test2" time="0.001"/>
  <system-out/>
  <testcase classname="testDemo.TestNF_Sequence" name="Test1" time="0.006"/>
  <system-out/>
  <testcase classname="testDemo.TestNF_Sequence" name="Test3" time="0.000"/>
  <system-out/>
</testsuite> <!-- testDemo.TestNF_Sequence -->
