<?xml version="1.0" encoding="UTF-8"?>
<!-- Generated by org.testng.reporters.JUnitReportReporter -->
<testsuite hostname="DESKTOP-FRV6BVL" failures="0" tests="2" name="testDemo.TestNG_Annotaions" time="0.007" errors="0" timestamp="2022-09-17T16:03:12 IST" skipped="0">
  <testcase classname="testDemo.TestNG_Annotaions" name="Test2" time="0.002"/>
  <system-out/>
  <testcase classname="testDemo.TestNG_Annotaions" name="Test1" time="0.005"/>
  <system-out/>
</testsuite> <!-- testDemo.TestNG_Annotaions -->
