<?xml version="1.0" encoding="UTF-8"?>
<!-- Generated by org.testng.reporters.JUnitReportReporter -->
<testsuite hostname="DESKTOP-FRV6BVL" failures="0" tests="1" name="testDemo.TesTNG" time="0.005" errors="0" timestamp="2022-09-17T14:18:30 IST" skipped="0">
  <testcase classname="testDemo.TesTNG" name="add" time="0.005"/>
  <system-out/>
</testsuite> <!-- testDemo.TesTNG -->
